Started GET "/" for 127.0.0.1 at 2022-03-08 08:53:37 -0700
  [1m[35m (12.8ms)[0m  [1m[34mSELECT sqlite_version(*)[0m
Processing by Rails::WelcomeController#index as HTML
  Rendering C:/Ruby31-x64/lib/ruby/gems/3.1.0/gems/railties-7.0.2.2/lib/rails/templates/rails/welcome/index.html.erb
  Rendered C:/Ruby31-x64/lib/ruby/gems/3.1.0/gems/railties-7.0.2.2/lib/rails/templates/rails/welcome/index.html.erb (Duration: 36.0ms | Allocations: 636)
Completed 200 OK in 164ms (Views: 75.6ms | ActiveRecord: 0.0ms | Allocations: 5032)


  [1m[35m (1.7ms)[0m  [1m[34mSELECT sqlite_version(*)[0m
  [1m[35m (1.4ms)[0m  [1m[34mSELECT sqlite_version(*)[0m
  [1m[35m (1.3ms)[0m  [1m[34mSELECT sqlite_version(*)[0m
  [1m[35m (1.2ms)[0m  [1m[34mSELECT sqlite_version(*)[0m
  [1m[35m (1.2ms)[0m  [1m[34mSELECT sqlite_version(*)[0m
  [1m[35m (11.4ms)[0m  [1m[35mCREATE TABLE "schema_migrations" ("version" varchar NOT NULL PRIMARY KEY)[0m
  [1m[35m (6.7ms)[0m  [1m[35mCREATE TABLE "ar_internal_metadata" ("key" varchar NOT NULL PRIMARY KEY, "value" varchar, "created_at" datetime(6) NOT NULL, "updated_at" datetime(6) NOT NULL)[0m
  [1m[36mActiveRecord::SchemaMigration Pluck (0.2ms)[0m  [1m[34mSELECT "schema_migrations"."version" FROM "schema_migrations" ORDER BY "schema_migrations"."version" ASC[0m
Migrating to CreateProjects (20220308163216)
  [1m[36mTRANSACTION (0.1ms)[0m  [1m[36mbegin transaction[0m
  [1m[35m (0.7ms)[0m  [1m[35mCREATE TABLE "projects" ("id" integer PRIMARY KEY AUTOINCREMENT NOT NULL, "title" varchar, "description" text, "created_at" datetime(6) NOT NULL, "updated_at" datetime(6) NOT NULL)[0m
  [1m[36mActiveRecord::SchemaMigration Create (0.2ms)[0m  [1m[32mINSERT INTO "schema_migrations" ("version") VALUES (?)[0m  [["version", "20220308163216"]]
  [1m[36mTRANSACTION (5.6ms)[0m  [1m[36mcommit transaction[0m
  [1m[36mActiveRecord::InternalMetadata Load (0.2ms)[0m  [1m[34mSELECT "ar_internal_metadata".* FROM "ar_internal_metadata" WHERE "ar_internal_metadata"."key" = ? LIMIT ?[0m  [["key", "environment"], ["LIMIT", 1]]
  [1m[36mTRANSACTION (0.0ms)[0m  [1m[36mbegin transaction[0m
  [1m[36mActiveRecord::InternalMetadata Create (0.6ms)[0m  [1m[32mINSERT INTO "ar_internal_metadata" ("key", "value", "created_at", "updated_at") VALUES (?, ?, ?, ?)[0m  [["key", "environment"], ["value", "development"], ["created_at", "2022-03-08 16:32:33.723123"], ["updated_at", "2022-03-08 16:32:33.723123"]]
  [1m[36mTRANSACTION (6.1ms)[0m  [1m[36mcommit transaction[0m
  [1m[35m (0.1ms)[0m  [1m[34mSELECT sqlite_version(*)[0m
  [1m[36mActiveRecord::SchemaMigration Pluck (0.1ms)[0m  [1m[34mSELECT "schema_migrations"."version" FROM "schema_migrations" ORDER BY "schema_migrations"."version" ASC[0m
Started GET "/" for 127.0.0.1 at 2022-03-08 09:33:12 -0700
  [1m[35m (1.2ms)[0m  [1m[34mSELECT sqlite_version(*)[0m
  [1m[36mActiveRecord::SchemaMigration Pluck (0.2ms)[0m  [1m[34mSELECT "schema_migrations"."version" FROM "schema_migrations" ORDER BY "schema_migrations"."version" ASC[0m
Processing by Rails::WelcomeController#index as HTML
  Rendering C:/Ruby31-x64/lib/ruby/gems/3.1.0/gems/railties-7.0.2.2/lib/rails/templates/rails/welcome/index.html.erb
  Rendered C:/Ruby31-x64/lib/ruby/gems/3.1.0/gems/railties-7.0.2.2/lib/rails/templates/rails/welcome/index.html.erb (Duration: 2.9ms | Allocations: 510)
Completed 200 OK in 27ms (Views: 10.0ms | ActiveRecord: 0.0ms | Allocations: 3493)


Started GET "/projects" for 127.0.0.1 at 2022-03-08 09:33:17 -0700
Processing by ProjectsController#index as HTML
  Rendering layout layouts/application.html.erb
  Rendering projects/index.html.erb within layouts/application
  [1m[36mProject Load (0.2ms)[0m  [1m[34mSELECT "projects".* FROM "projects"[0m
  ↳ app/views/projects/index.html.erb:6
  Rendered projects/index.html.erb within layouts/application (Duration: 5.3ms | Allocations: 1355)
  Rendered layout layouts/application.html.erb (Duration: 487.6ms | Allocations: 70983)
Completed 500 Internal Server Error in 501ms (ActiveRecord: 0.2ms | Allocations: 72845)


  
ActionView::Template::Error (Permission denied @ rb_file_s_rename - (D:/Documents/Rails/CS3300-Individual-Project/tmp/cache/assets/sprockets/v4.0.0/ul/ul845uzS0DvNPoJ2Nz6f6R7UAaV_Mnjh_XPFF1JYmNY.cache.22440.13232.812851, D:/Documents/Rails/CS3300-Individual-Project/tmp/cache/assets/sprockets/v4.0.0/ul/ul845uzS0DvNPoJ2Nz6f6R7UAaV_Mnjh_XPFF1JYmNY.cache)):
  
sprockets (4.0.3) lib/sprockets/path_utils.rb:362:in `rename'
sprockets (4.0.3) lib/sprockets/path_utils.rb:362:in `atomic_write'
sprockets (4.0.3) lib/sprockets/cache/file_store.rb:112:in `set'
sprockets (4.0.3) lib/sprockets/cache.rb:227:in `set'
sprockets (4.0.3) lib/sprockets/cache.rb:93:in `fetch'
sprockets (4.0.3) lib/sprockets/base.rb:71:in `file_digest'
sprockets (4.0.3) lib/sprockets/unloaded_asset.rb:105:in `dependency_history_key'
sprockets (4.0.3) lib/sprockets/loader.rb:324:in `fetch_asset_from_dependency_cache'
sprockets (4.0.3) lib/sprockets/loader.rb:43:in `load'
sprockets (4.0.3) lib/sprockets/cached_environment.rb:44:in `load'
sprockets (4.0.3) lib/sprockets/context.rb:117:in `load'
sprockets (4.0.3) lib/sprockets/context.rb:145:in `depend_on_asset'
sprockets (4.0.3) lib/sprockets/context.rb:185:in `link_asset'
sprockets-rails (3.4.2) lib/sprockets/rails/context.rb:27:in `compute_asset_path'
actionview (7.0.2.2) lib/action_view/helpers/asset_url_helper.rb:203:in `asset_path'
sprockets-rails (3.4.2) lib/sprockets/rails/sourcemapping_url_processor.rb:41:in `sourcemap_asset_path'
sprockets-rails (3.4.2) lib/sprockets/rails/sourcemapping_url_processor.rb:34:in `resolved_sourcemap_comment'
sprockets-rails (3.4.2) lib/sprockets/rails/sourcemapping_url_processor.rb:15:in `block in call'
sprockets-rails (3.4.2) lib/sprockets/rails/sourcemapping_url_processor.rb:11:in `gsub'
sprockets-rails (3.4.2) lib/sprockets/rails/sourcemapping_url_processor.rb:11:in `call'
sprockets (4.0.3) lib/sprockets/processor_utils.rb:84:in `call_processor'
sprockets (4.0.3) lib/sprockets/processor_utils.rb:66:in `block in call_processors'
sprockets (4.0.3) lib/sprockets/processor_utils.rb:65:in `reverse_each'
sprockets (4.0.3) lib/sprockets/processor_utils.rb:65:in `call_processors'
sprockets (4.0.3) lib/sprockets/loader.rb:182:in `load_from_unloaded'
sprockets (4.0.3) lib/sprockets/loader.rb:59:in `block in load'
sprockets (4.0.3) lib/sprockets/loader.rb:337:in `fetch_asset_from_dependency_cache'
sprockets (4.0.3) lib/sprockets/loader.rb:43:in `load'
sprockets (4.0.3) lib/sprockets/cached_environment.rb:44:in `load'
sprockets (4.0.3) lib/sprockets/bundle.rb:27:in `call'
sprockets (4.0.3) lib/sprockets/processor_utils.rb:84:in `call_processor'
sprockets (4.0.3) lib/sprockets/processor_utils.rb:66:in `block in call_processors'
sprockets (4.0.3) lib/sprockets/processor_utils.rb:65:in `reverse_each'
sprockets (4.0.3) lib/sprockets/processor_utils.rb:65:in `call_processors'
sprockets (4.0.3) lib/sprockets/loader.rb:182:in `load_from_unloaded'
sprockets (4.0.3) lib/sprockets/loader.rb:59:in `block in load'
sprockets (4.0.3) lib/sprockets/loader.rb:337:in `fetch_asset_from_dependency_cache'
sprockets (4.0.3) lib/sprockets/loader.rb:43:in `load'
sprockets (4.0.3) lib/sprockets/cached_environment.rb:44:in `load'
sprockets (4.0.3) lib/sprockets/base.rb:81:in `find_asset'
sprockets (4.0.3) lib/sprockets/base.rb:88:in `find_all_linked_assets'
sprockets (4.0.3) lib/sprockets/manifest.rb:125:in `each'
sprockets (4.0.3) lib/sprockets/manifest.rb:125:in `to_a'
sprockets (4.0.3) lib/sprockets/manifest.rb:125:in `block (2 levels) in find'
concurrent-ruby (1.1.9) lib/concurrent-ruby/concurrent/executor/safe_task_executor.rb:24:in `block in execute'
concurrent-ruby (1.1.9) lib/concurrent-ruby/concurrent/synchronization/mutex_lockable_object.rb:47:in `block in synchronize'
concurrent-ruby (1.1.9) lib/concurrent-ruby/concurrent/synchronization/mutex_lockable_object.rb:47:in `synchronize'
concurrent-ruby (1.1.9) lib/concurrent-ruby/concurrent/synchronization/mutex_lockable_object.rb:47:in `synchronize'
concurrent-ruby (1.1.9) lib/concurrent-ruby/concurrent/executor/safe_task_executor.rb:19:in `execute'
concurrent-ruby (1.1.9) lib/concurrent-ruby/concurrent/promise.rb:564:in `block in realize'
concurrent-ruby (1.1.9) lib/concurrent-ruby/concurrent/executor/ruby_thread_pool_executor.rb:363:in `run_task'
concurrent-ruby (1.1.9) lib/concurrent-ruby/concurrent/executor/ruby_thread_pool_executor.rb:352:in `block (3 levels) in create_worker'
concurrent-ruby (1.1.9) lib/concurrent-ruby/concurrent/executor/ruby_thread_pool_executor.rb:335:in `loop'
concurrent-ruby (1.1.9) lib/concurrent-ruby/concurrent/executor/ruby_thread_pool_executor.rb:335:in `block (2 levels) in create_worker'
concurrent-ruby (1.1.9) lib/concurrent-ruby/concurrent/executor/ruby_thread_pool_executor.rb:334:in `catch'
concurrent-ruby (1.1.9) lib/concurrent-ruby/concurrent/executor/ruby_thread_pool_executor.rb:334:in `block in create_worker'
Started GET "/projects" for 127.0.0.1 at 2022-03-08 09:35:10 -0700
  [1m[35m (1.3ms)[0m  [1m[34mSELECT sqlite_version(*)[0m
  [1m[36mActiveRecord::SchemaMigration Pluck (0.2ms)[0m  [1m[34mSELECT "schema_migrations"."version" FROM "schema_migrations" ORDER BY "schema_migrations"."version" ASC[0m
Processing by ProjectsController#index as HTML
  Rendering layout layouts/application.html.erb
  Rendering projects/index.html.erb within layouts/application
  [1m[36mProject Load (0.2ms)[0m  [1m[34mSELECT "projects".* FROM "projects"[0m
  ↳ app/views/projects/index.html.erb:6
  Rendered projects/index.html.erb within layouts/application (Duration: 6.6ms | Allocations: 1545)
Started GET "/project" for 127.0.0.1 at 2022-03-08 09:35:11 -0700
  
ActionController::RoutingError (No route matches [GET] "/project"):
  
  Rendered layout layouts/application.html.erb (Duration: 308.0ms | Allocations: 64618)
Completed 200 OK in 330ms (Views: 315.6ms | ActiveRecord: 0.2ms | Allocations: 68542)


Started GET "/projects" for 127.0.0.1 at 2022-03-08 09:35:19 -0700
Processing by ProjectsController#index as HTML
  Rendering layout layouts/application.html.erb
  Rendering projects/index.html.erb within layouts/application
  [1m[36mProject Load (0.2ms)[0m  [1m[34mSELECT "projects".* FROM "projects"[0m
  ↳ app/views/projects/index.html.erb:6
  Rendered projects/index.html.erb within layouts/application (Duration: 2.9ms | Allocations: 778)
  Rendered layout layouts/application.html.erb (Duration: 10.6ms | Allocations: 1896)
Completed 200 OK in 14ms (Views: 12.8ms | ActiveRecord: 0.2ms | Allocations: 2243)


Started GET "/projects/new" for 127.0.0.1 at 2022-03-08 09:35:22 -0700
Processing by ProjectsController#new as HTML
  Rendering layout layouts/application.html.erb
  Rendering projects/new.html.erb within layouts/application
  Rendered projects/_form.html.erb (Duration: 76.4ms | Allocations: 4655)
  Rendered projects/new.html.erb within layouts/application (Duration: 78.0ms | Allocations: 4996)
  Rendered layout layouts/application.html.erb (Duration: 82.2ms | Allocations: 6106)
Completed 200 OK in 90ms (Views: 83.2ms | ActiveRecord: 0.6ms | Allocations: 10109)


Started POST "/projects" for 127.0.0.1 at 2022-03-08 09:35:31 -0700
Processing by ProjectsController#create as HTML
  Parameters: {"authenticity_token"=>"[FILTERED]", "project"=>{"title"=>"Hello World", "description"=>"Blah blah blah"}, "commit"=>"Create Project"}
  [1m[36mTRANSACTION (0.1ms)[0m  [1m[36mbegin transaction[0m
  ↳ app/controllers/projects_controller.rb:27:in `block in create'
  [1m[36mProject Create (1.7ms)[0m  [1m[32mINSERT INTO "projects" ("title", "description", "created_at", "updated_at") VALUES (?, ?, ?, ?)[0m  [["title", "Hello World"], ["description", "Blah blah blah"], ["created_at", "2022-03-08 16:35:31.557830"], ["updated_at", "2022-03-08 16:35:31.557830"]]
  ↳ app/controllers/projects_controller.rb:27:in `block in create'
  [1m[36mTRANSACTION (6.6ms)[0m  [1m[36mcommit transaction[0m
  ↳ app/controllers/projects_controller.rb:27:in `block in create'
Redirected to http://localhost:3000/projects/1
Completed 302 Found in 17ms (ActiveRecord: 8.4ms | Allocations: 3832)


Started GET "/projects/1" for 127.0.0.1 at 2022-03-08 09:35:31 -0700
Processing by ProjectsController#show as HTML
  Parameters: {"id"=>"1"}
  [1m[36mProject Load (0.2ms)[0m  [1m[34mSELECT "projects".* FROM "projects" WHERE "projects"."id" = ? LIMIT ?[0m  [["id", 1], ["LIMIT", 1]]
  ↳ app/controllers/projects_controller.rb:63:in `set_project'
  Rendering layout layouts/application.html.erb
  Rendering projects/show.html.erb within layouts/application
  Rendered projects/_project.html.erb (Duration: 0.5ms | Allocations: 218)
  Rendered projects/show.html.erb within layouts/application (Duration: 11.6ms | Allocations: 1416)
  Rendered layout layouts/application.html.erb (Duration: 15.3ms | Allocations: 2508)
Completed 200 OK in 22ms (Views: 16.6ms | ActiveRecord: 0.2ms | Allocations: 5263)


Started GET "/projects/1" for 127.0.0.1 at 2022-03-08 09:38:03 -0700
  [1m[35m (1.6ms)[0m  [1m[34mSELECT sqlite_version(*)[0m
  [1m[36mActiveRecord::SchemaMigration Pluck (0.2ms)[0m  [1m[34mSELECT "schema_migrations"."version" FROM "schema_migrations" ORDER BY "schema_migrations"."version" ASC[0m
Processing by ProjectsController#show as HTML
  Parameters: {"id"=>"1"}
  [1m[36mProject Load (0.2ms)[0m  [1m[34mSELECT "projects".* FROM "projects" WHERE "projects"."id" = ? LIMIT ?[0m  [["id", 1], ["LIMIT", 1]]
  ↳ app/controllers/projects_controller.rb:63:in `set_project'
  Rendering layout layouts/application.html.erb
  Rendering projects/show.html.erb within layouts/application
  Rendered projects/_project.html.erb (Duration: 0.5ms | Allocations: 249)
  Rendered projects/show.html.erb within layouts/application (Duration: 8.9ms | Allocations: 1899)
  Rendered layout layouts/application.html.erb (Duration: 79.2ms | Allocations: 23799)
Completed 200 OK in 113ms (Views: 87.3ms | ActiveRecord: 0.9ms | Allocations: 33722)


Started GET "/projects" for 127.0.0.1 at 2022-03-08 09:38:24 -0700
Processing by ProjectsController#index as HTML
  Rendering layout layouts/application.html.erb
  Rendering projects/index.html.erb within layouts/application
  [1m[36mProject Load (0.2ms)[0m  [1m[34mSELECT "projects".* FROM "projects"[0m
  ↳ app/views/projects/index.html.erb:6
  Rendered projects/_project.html.erb (Duration: 0.1ms | Allocations: 34)
  Rendered projects/index.html.erb within layouts/application (Duration: 3.9ms | Allocations: 1372)
  Rendered layout layouts/application.html.erb (Duration: 7.5ms | Allocations: 2476)
Completed 200 OK in 10ms (Views: 8.3ms | ActiveRecord: 0.2ms | Allocations: 2945)


Started GET "/projects/1" for 127.0.0.1 at 2022-03-08 09:38:27 -0700
Processing by ProjectsController#show as HTML
  Parameters: {"id"=>"1"}
  [1m[36mProject Load (0.1ms)[0m  [1m[34mSELECT "projects".* FROM "projects" WHERE "projects"."id" = ? LIMIT ?[0m  [["id", 1], ["LIMIT", 1]]
  ↳ app/controllers/projects_controller.rb:63:in `set_project'
  Rendering layout layouts/application.html.erb
  Rendering projects/show.html.erb within layouts/application
  Rendered projects/_project.html.erb (Duration: 0.1ms | Allocations: 28)
  Rendered projects/show.html.erb within layouts/application (Duration: 1.9ms | Allocations: 486)
  Rendered layout layouts/application.html.erb (Duration: 5.4ms | Allocations: 1477)
Completed 200 OK in 9ms (Views: 6.3ms | ActiveRecord: 0.1ms | Allocations: 2286)


Started GET "/" for 127.0.0.1 at 2022-03-30 17:21:27 -0700
  [1m[35m (2.5ms)[0m  [1m[34mSELECT sqlite_version(*)[0m
  [1m[36mActiveRecord::SchemaMigration Pluck (0.1ms)[0m  [1m[34mSELECT "schema_migrations"."version" FROM "schema_migrations" ORDER BY "schema_migrations"."version" ASC[0m
Processing by ProjectsController#index as HTML
  Rendering layout layouts/application.html.erb
  Rendering projects/index.html.erb within layouts/application
  [1m[36mProject Load (0.2ms)[0m  [1m[34mSELECT "projects".* FROM "projects"[0m
  ↳ app/views/projects/index.html.erb:6
  Rendered projects/_project.html.erb (Duration: 0.6ms | Allocations: 249)
  Rendered projects/index.html.erb within layouts/application (Duration: 16.1ms | Allocations: 6226)
  Rendered layout layouts/application.html.erb (Duration: 58.4ms | Allocations: 22341)
Completed 500 Internal Server Error in 93ms (ActiveRecord: 0.7ms | Allocations: 28109)


  
ActionView::Template::Error (link_tree argument must be a directory):
  
app/assets/config/manifest.js:1
Started GET "/project" for 127.0.0.1 at 2022-03-30 17:21:32 -0700
  
ActionController::RoutingError (No route matches [GET] "/project"):
  
Started GET "/projects" for 127.0.0.1 at 2022-03-30 17:21:34 -0700
Processing by ProjectsController#index as HTML
  Rendering layout layouts/application.html.erb
  Rendering projects/index.html.erb within layouts/application
  [1m[36mProject Load (0.1ms)[0m  [1m[34mSELECT "projects".* FROM "projects"[0m
  ↳ app/views/projects/index.html.erb:6
  Rendered projects/_project.html.erb (Duration: 0.1ms | Allocations: 32)
  Rendered projects/index.html.erb within layouts/application (Duration: 2.4ms | Allocations: 926)
  Rendered layout layouts/application.html.erb (Duration: 11.5ms | Allocations: 7125)
Completed 500 Internal Server Error in 13ms (ActiveRecord: 0.1ms | Allocations: 8006)


  
ActionView::Template::Error (link_tree argument must be a directory):
  
app/assets/config/manifest.js:1
Started GET "/Projects" for 127.0.0.1 at 2022-03-30 17:23:44 -0700
  [1m[35m (0.7ms)[0m  [1m[34mSELECT sqlite_version(*)[0m
  [1m[36mActiveRecord::SchemaMigration Pluck (0.1ms)[0m  [1m[34mSELECT "schema_migrations"."version" FROM "schema_migrations" ORDER BY "schema_migrations"."version" ASC[0m
  
ActionController::RoutingError (No route matches [GET] "/Projects"):
  
Started GET "/Projects" for 127.0.0.1 at 2022-03-30 17:23:46 -0700
  
ActionController::RoutingError (No route matches [GET] "/Projects"):
  
Started GET "/Project" for 127.0.0.1 at 2022-03-30 17:23:48 -0700
  
ActionController::RoutingError (No route matches [GET] "/Project"):
  
Started GET "/Project" for 127.0.0.1 at 2022-03-30 17:23:50 -0700
  
ActionController::RoutingError (No route matches [GET] "/Project"):
  
Started GET "/projects" for 127.0.0.1 at 2022-03-30 17:24:03 -0700
Processing by ProjectsController#index as HTML
  Rendering layout layouts/application.html.erb
  Rendering projects/index.html.erb within layouts/application
  [1m[36mProject Load (0.2ms)[0m  [1m[34mSELECT "projects".* FROM "projects"[0m
  ↳ app/views/projects/index.html.erb:6
  Rendered projects/_project.html.erb (Duration: 0.4ms | Allocations: 238)
  Rendered projects/index.html.erb within layouts/application (Duration: 8.1ms | Allocations: 5519)
  Rendered layout layouts/application.html.erb (Duration: 29.8ms | Allocations: 15506)
Completed 500 Internal Server Error in 41ms (ActiveRecord: 0.8ms | Allocations: 18374)


  
ActionView::Template::Error (link_tree argument must be a directory):
  
app/assets/config/manifest.js:1
  [1m[35m (0.7ms)[0m  [1m[34mSELECT sqlite_version(*)[0m
  [1m[36mActiveRecord::SchemaMigration Pluck (0.1ms)[0m  [1m[34mSELECT "schema_migrations"."version" FROM "schema_migrations" ORDER BY "schema_migrations"."version" ASC[0m
  [1m[36mActiveRecord::InternalMetadata Load (0.1ms)[0m  [1m[34mSELECT "ar_internal_metadata".* FROM "ar_internal_metadata" WHERE "ar_internal_metadata"."key" = ? LIMIT ?[0m  [["key", "environment"], ["LIMIT", 1]]
  [1m[35m (0.0ms)[0m  [1m[34mSELECT sqlite_version(*)[0m
  [1m[36mActiveRecord::SchemaMigration Pluck (0.1ms)[0m  [1m[34mSELECT "schema_migrations"."version" FROM "schema_migrations" ORDER BY "schema_migrations"."version" ASC[0m
Started GET "/projects" for 127.0.0.1 at 2022-03-30 17:29:31 -0700
  [1m[35m (0.8ms)[0m  [1m[34mSELECT sqlite_version(*)[0m
  [1m[36mActiveRecord::SchemaMigration Pluck (0.1ms)[0m  [1m[34mSELECT "schema_migrations"."version" FROM "schema_migrations" ORDER BY "schema_migrations"."version" ASC[0m
Processing by ProjectsController#index as HTML
  Rendering layout layouts/application.html.erb
  Rendering projects/index.html.erb within layouts/application
  [1m[36mProject Load (0.2ms)[0m  [1m[34mSELECT "projects".* FROM "projects"[0m
  ↳ app/views/projects/index.html.erb:6
  Rendered projects/_project.html.erb (Duration: 0.6ms | Allocations: 249)
  Rendered projects/index.html.erb within layouts/application (Duration: 10.2ms | Allocations: 5845)
  Rendered layout layouts/application.html.erb (Duration: 79.1ms | Allocations: 20952)
Completed 500 Internal Server Error in 95ms (ActiveRecord: 0.7ms | Allocations: 25000)


  
ActionView::Template::Error (link_tree argument must be a directory):
  
app/assets/config/manifest.js:1
Started GET "/projects" for 127.0.0.1 at 2022-03-30 17:29:35 -0700
Processing by ProjectsController#index as HTML
  Rendering layout layouts/application.html.erb
  Rendering projects/index.html.erb within layouts/application
  [1m[36mProject Load (0.1ms)[0m  [1m[34mSELECT "projects".* FROM "projects"[0m
  ↳ app/views/projects/index.html.erb:6
  Rendered projects/_project.html.erb (Duration: 0.1ms | Allocations: 32)
  Rendered projects/index.html.erb within layouts/application (Duration: 1.6ms | Allocations: 956)
  Rendered layout layouts/application.html.erb (Duration: 10.5ms | Allocations: 7799)
Completed 500 Internal Server Error in 12ms (ActiveRecord: 0.1ms | Allocations: 8324)


  
ActionView::Template::Error (link_tree argument must be a directory):
  
app/assets/config/manifest.js:1
Started GET "/projects" for 127.0.0.1 at 2022-03-30 17:29:41 -0700
Processing by ProjectsController#index as HTML
  Rendering layout layouts/application.html.erb
  Rendering projects/index.html.erb within layouts/application
  [1m[36mProject Load (0.1ms)[0m  [1m[34mSELECT "projects".* FROM "projects"[0m
  ↳ app/views/projects/index.html.erb:6
  Rendered projects/_project.html.erb (Duration: 0.1ms | Allocations: 28)
  Rendered projects/index.html.erb within layouts/application (Duration: 1.4ms | Allocations: 825)
  Rendered layout layouts/application.html.erb (Duration: 9.7ms | Allocations: 6932)
Completed 500 Internal Server Error in 12ms (ActiveRecord: 0.1ms | Allocations: 7282)


  
ActionView::Template::Error (link_tree argument must be a directory):
  
app/assets/config/manifest.js:1
Started GET "/projects" for 127.0.0.1 at 2022-03-30 17:29:42 -0700
Processing by ProjectsController#index as HTML
  Rendering layout layouts/application.html.erb
  Rendering projects/index.html.erb within layouts/application
  [1m[36mProject Load (0.1ms)[0m  [1m[34mSELECT "projects".* FROM "projects"[0m
  ↳ app/views/projects/index.html.erb:6
  Rendered projects/_project.html.erb (Duration: 0.1ms | Allocations: 28)
  Rendered projects/index.html.erb within layouts/application (Duration: 1.5ms | Allocations: 825)
  Rendered layout layouts/application.html.erb (Duration: 9.5ms | Allocations: 6574)
Completed 500 Internal Server Error in 12ms (ActiveRecord: 0.1ms | Allocations: 7222)


  
ActionView::Template::Error (link_tree argument must be a directory):
  
app/assets/config/manifest.js:1
Started GET "/projects" for 127.0.0.1 at 2022-03-30 17:29:43 -0700
Processing by ProjectsController#index as HTML
  Rendering layout layouts/application.html.erb
  Rendering projects/index.html.erb within layouts/application
  [1m[36mProject Load (0.1ms)[0m  [1m[34mSELECT "projects".* FROM "projects"[0m
  ↳ app/views/projects/index.html.erb:6
  Rendered projects/_project.html.erb (Duration: 0.1ms | Allocations: 28)
  Rendered projects/index.html.erb within layouts/application (Duration: 2.1ms | Allocations: 825)
  Rendered layout layouts/application.html.erb (Duration: 10.5ms | Allocations: 6640)
Completed 500 Internal Server Error in 12ms (ActiveRecord: 0.1ms | Allocations: 7047)


  
ActionView::Template::Error (link_tree argument must be a directory):
  
app/assets/config/manifest.js:1
Started GET "/" for 127.0.0.1 at 2022-03-30 18:01:54 -0700
  [1m[35m (0.9ms)[0m  [1m[34mSELECT sqlite_version(*)[0m
  [1m[36mActiveRecord::SchemaMigration Pluck (0.1ms)[0m  [1m[34mSELECT "schema_migrations"."version" FROM "schema_migrations" ORDER BY "schema_migrations"."version" ASC[0m
Processing by ProjectsController#index as HTML
  Rendering layout layouts/application.html.erb
  Rendering projects/index.html.erb within layouts/application
  [1m[36mProject Load (0.2ms)[0m  [1m[34mSELECT "projects".* FROM "projects"[0m
  ↳ app/views/projects/index.html.erb:6
  Rendered projects/_project.html.erb (Duration: 0.3ms | Allocations: 249)
  Rendered projects/index.html.erb within layouts/application (Duration: 9.7ms | Allocations: 5845)
  Rendered layout layouts/application.html.erb (Duration: 76.6ms | Allocations: 20486)
Completed 500 Internal Server Error in 92ms (ActiveRecord: 0.6ms | Allocations: 24829)


  
ActionView::Template::Error (link_tree argument must be a directory):
  
app/assets/config/manifest.js:1
